#
# There is insufficient memory for the Java Runtime Environment to continue.
# Native memory allocation (malloc) failed to allocate 32756 bytes for ChunkPool::allocate
# Possible reasons:
#   The system is out of physical RAM or swap space
#   In 32 bit mode, the process size limit was hit
# Possible solutions:
#   Reduce memory load on the system
#   Increase physical memory or swap space
#   Check if swap backing store is full
#   Use 64 bit Java on a 64 bit OS
#   Decrease Java heap size (-Xmx/-Xms)
#   Decrease number of Java threads
#   Decrease Java thread stack sizes (-Xss)
#   Set larger code cache with -XX:ReservedCodeCacheSize=
# This output file may be truncated or incomplete.
#
#  Out of Memory Error (allocation.cpp:273), pid=15264, tid=0x00003c38
#
# JRE version: Java(TM) SE Runtime Environment (8.0_191-b12) (build 1.8.0_191-b12)
# Java VM: Java HotSpot(TM) Client VM (25.191-b12 mixed mode windows-x86 )
# Failed to write core dump. Minidumps are not enabled by default on client versions of Windows
#

---------------  T H R E A D  ---------------

Current thread (0x25acd800):  JavaThread "C1 CompilerThread0" daemon [_thread_in_native, id=15416, stack(0x25ef0000,0x25f40000)]

Stack: [0x25ef0000,0x25f40000],  sp=0x25f3e74c,  free space=313k
Native frames: (J=compiled Java code, j=interpreted, Vv=VM code, C=native code)
V  [jvm.dll+0x1acfeb]
V  [jvm.dll+0x1a56c8]
V  [jvm.dll+0x8de91]
V  [jvm.dll+0x8e06d]
V  [jvm.dll+0x8e4e7]
V  [jvm.dll+0x29987c]
V  [jvm.dll+0x29becd]
V  [jvm.dll+0x29c377]
V  [jvm.dll+0x298d6b]
V  [jvm.dll+0x29af56]
V  [jvm.dll+0x29b558]
V  [jvm.dll+0x29c17e]
V  [jvm.dll+0x29c377]
V  [jvm.dll+0x298d6b]
V  [jvm.dll+0x29af56]
V  [jvm.dll+0x29b558]
V  [jvm.dll+0x29c17e]
V  [jvm.dll+0x29c377]
V  [jvm.dll+0x298d6b]
V  [jvm.dll+0x29af56]
V  [jvm.dll+0x29b558]
V  [jvm.dll+0x29c17e]
V  [jvm.dll+0x29c377]
V  [jvm.dll+0x298d6b]
V  [jvm.dll+0x29af56]
V  [jvm.dll+0x29b976]
V  [jvm.dll+0x29f98d]
V  [jvm.dll+0x29fadb]
V  [jvm.dll+0x28cf42]
V  [jvm.dll+0x28d12b]
V  [jvm.dll+0x28d27a]
V  [jvm.dll+0x28d3e8]
V  [jvm.dll+0x28d662]
V  [jvm.dll+0x7157a]
V  [jvm.dll+0x71d2f]
V  [jvm.dll+0x17f550]
V  [jvm.dll+0x17fdca]
V  [jvm.dll+0x1c57a6]
C  [msvcr100.dll+0x5c556]
C  [msvcr100.dll+0x5c600]
C  [KERNEL32.DLL+0x1fe09]
C  [ntdll.dll+0x6607d]
C  [ntdll.dll+0x6604d]
C  0x00000000


Current CompileTask:
C1:   6137 1740             org.fife.ui.rsyntaxtextarea.modes.CPlusPlusTokenMaker::yylex (1112 bytes)


---------------  P R O C E S S  ---------------

Java Threads: ( => current thread )
  0x274c9000 JavaThread "TimerQueue" daemon [_thread_blocked, id=1960, stack(0x2a0f0000,0x2a140000)]
  0x2766c000 JavaThread "Image Fetcher 0" daemon [_thread_blocked, id=17968, stack(0x29cb0000,0x29d00000)]
  0x2766b800 JavaThread "AWT-EventQueue-0" [_thread_blocked, id=4092, stack(0x29c20000,0x29c70000)]
  0x2766d400 JavaThread "AWT-Shutdown" [_thread_blocked, id=3684, stack(0x29b90000,0x29be0000)]
  0x2766cc00 JavaThread "Image Fetcher 3" daemon [_thread_blocked, id=14704, stack(0x286d0000,0x28720000)]
  0x2766c400 JavaThread "Batik CleanerThread" daemon [_thread_blocked, id=12280, stack(0x28150000,0x281a0000)]
  0x275de800 JavaThread "JmmDNS pool-3-thread-1" [_thread_blocked, id=6516, stack(0x28640000,0x28690000)]
  0x27600000 JavaThread "JmDNS(DESKTOP-PE08G4J.local.).State.Timer" [_thread_blocked, id=15568, stack(0x285b0000,0x28600000)]
  0x275ffc00 JavaThread "JmDNS(DESKTOP-PE08G4J.local.).Timer" daemon [_thread_blocked, id=17664, stack(0x28520000,0x28570000)]
  0x275fd400 JavaThread "SocketListener(DESKTOP-PE08G4J.local.)" daemon [_thread_blocked, id=15356, stack(0x28490000,0x284e0000)]
  0x273e4000 JavaThread "Multihomed mDNS.Timer" daemon [_thread_blocked, id=14544, stack(0x26770000,0x267c0000)]
  0x27537c00 JavaThread "cc.arduino.packages.discoverers.serial.SerialDiscovery" [_thread_blocked, id=17004, stack(0x26f80000,0x26fd0000)]
  0x2631ec00 JavaThread "AWT-Windows" daemon [_thread_in_native, id=11120, stack(0x26800000,0x26850000)]
  0x2631a800 JavaThread "Java2D Disposer" daemon [_thread_blocked, id=9332, stack(0x266e0000,0x26730000)]
  0x25ae9c00 JavaThread "Service Thread" daemon [_thread_blocked, id=14356, stack(0x25f80000,0x25fd0000)]
=>0x25acd800 JavaThread "C1 CompilerThread0" daemon [_thread_in_native, id=15416, stack(0x25ef0000,0x25f40000)]
  0x25acbc00 JavaThread "Attach Listener" daemon [_thread_blocked, id=8932, stack(0x25e60000,0x25eb0000)]
  0x25ac9400 JavaThread "Signal Dispatcher" daemon [_thread_blocked, id=10972, stack(0x25dd0000,0x25e20000)]
  0x25aabc00 JavaThread "Finalizer" daemon [_thread_blocked, id=17796, stack(0x24e40000,0x24e90000)]
  0x25aa6000 JavaThread "Reference Handler" daemon [_thread_blocked, id=16444, stack(0x046a0000,0x046f0000)]
  0x022c0400 JavaThread "main" [_thread_in_vm, id=3460, stack(0x02510000,0x02560000)]

Other Threads:
  0x25a90400 VMThread [stack: 0x24db0000,0x24e00000] [id=13112]
  0x25ac8000 WatcherThread [stack: 0x26010000,0x26060000] [id=17908]

VM state:synchronizing (normal execution)

VM Mutex/Monitor currently owned by a thread:  ([mutex/lock_event])
[0x00a8e6d0] Threads_lock - owner thread: 0x25a90400

Heap:
 def new generation   total 39424K, used 10645K [0x04800000, 0x072c0000, 0x0f2a0000)
  eden space 35072K,  30% used [0x04800000, 0x05265468, 0x06a40000)
  from space 4352K,   0% used [0x06a40000, 0x06a40000, 0x06e80000)
  to   space 4352K,   0% used [0x06e80000, 0x06e80000, 0x072c0000)
 tenured generation   total 87424K, used 42169K [0x0f2a0000, 0x14800000, 0x24800000)
   the space 87424K,  48% used [0x0f2a0000, 0x11bce790, 0x11bce800, 0x14800000)
 Metaspace       used 21427K, capacity 22026K, committed 22144K, reserved 22912K

Card table byte_map: [0x24800000,0x24910000] byte_map_base: 0x247dc000

Polling page: 0x00450000

CodeCache: size=32768Kb used=3024Kb max_used=3024Kb free=29743Kb
 bounds [0x02560000, 0x02858000, 0x04560000]
 total_blobs=1982 nmethods=1700 adapters=212
 compilation: enabled

Compilation events (10 events):
Event: 5.993 Thread 0x25acd800 nmethod 1735 0x02853c48 code [0x02853d40, 0x02853e90]
Event: 5.996 Thread 0x25acd800 1736             java.lang.Integer::equals (29 bytes)
Event: 5.996 Thread 0x25acd800 nmethod 1736 0x02853f48 code [0x02854040, 0x02854140]
Event: 6.003 Thread 0x25acd800 1737             sun.font.CompositeGlyphMapper::setCachedGlyphCode (73 bytes)
Event: 6.004 Thread 0x25acd800 nmethod 1737 0x028541c8 code [0x028542e0, 0x02854540]
Event: 6.013 Thread 0x25acd800 1738             javax.swing.text.GapVector::getGapEnd (5 bytes)
Event: 6.013 Thread 0x25acd800 nmethod 1738 0x028547c8 code [0x028548c0, 0x02854940]
Event: 6.013 Thread 0x25acd800 1739             javax.swing.text.GapVector::getGapStart (5 bytes)
Event: 6.013 Thread 0x25acd800 nmethod 1739 0x02854988 code [0x02854a80, 0x02854b00]
Event: 6.015 Thread 0x25acd800 1740             org.fife.ui.rsyntaxtextarea.modes.CPlusPlusTokenMaker::yylex (1112 bytes)

GC Heap History (10 events):
Event: 1.167 GC heap before
{Heap before GC invocations=1 (full 0):
 def new generation   total 39296K, used 39296K [0x04800000, 0x072a0000, 0x0f2a0000)
  eden space 34944K, 100% used [0x04800000, 0x06a20000, 0x06a20000)
  from space 4352K, 100% used [0x06e60000, 0x072a0000, 0x072a0000)
  to   space 4352K,   0% used [0x06a20000, 0x06a20000, 0x06e60000)
 tenured generation   total 87424K, used 2988K [0x0f2a0000, 0x14800000, 0x24800000)
   the space 87424K,   3% used [0x0f2a0000, 0x0f58b298, 0x0f58b400, 0x14800000)
 Metaspace       used 11354K, capacity 11694K, committed 11776K, reserved 12672K
Event: 1.195 GC heap after
Heap after GC invocations=2 (full 0):
 def new generation   total 39296K, used 4352K [0x04800000, 0x072a0000, 0x0f2a0000)
  eden space 34944K,   0% used [0x04800000, 0x04800000, 0x06a20000)
  from space 4352K, 100% used [0x06a20000, 0x06e60000, 0x06e60000)
  to   space 4352K,   0% used [0x06e60000, 0x06e60000, 0x072a0000)
 tenured generation   total 87424K, used 7476K [0x0f2a0000, 0x14800000, 0x24800000)
   the space 87424K,   8% used [0x0f2a0000, 0x0f9ed200, 0x0f9ed200, 0x14800000)
 Metaspace       used 11354K, capacity 11694K, committed 11776K, reserved 12672K
}
Event: 1.330 GC heap before
{Heap before GC invocations=2 (full 0):
 def new generation   total 39296K, used 32677K [0x04800000, 0x072a0000, 0x0f2a0000)
  eden space 34944K,  81% used [0x04800000, 0x063a9698, 0x06a20000)
  from space 4352K, 100% used [0x06a20000, 0x06e60000, 0x06e60000)
  to   space 4352K,   0% used [0x06e60000, 0x06e60000, 0x072a0000)
 tenured generation   total 87424K, used 7476K [0x0f2a0000, 0x14800000, 0x24800000)
   the space 87424K,   8% used [0x0f2a0000, 0x0f9ed200, 0x0f9ed200, 0x14800000)
 Metaspace       used 11942K, capacity 12278K, committed 12288K, reserved 12672K
Event: 1.404 GC heap after
Heap after GC invocations=3 (full 1):
 def new generation   total 39424K, used 0K [0x04800000, 0x072c0000, 0x0f2a0000)
  eden space 35072K,   0% used [0x04800000, 0x04800000, 0x06a40000)
  from space 4352K,   0% used [0x06a40000, 0x06a40000, 0x06e80000)
  to   space 4352K,   0% used [0x06e80000, 0x06e80000, 0x072c0000)
 tenured generation   total 87424K, used 31817K [0x0f2a0000, 0x14800000, 0x24800000)
   the space 87424K,  36% used [0x0f2a0000, 0x111b24a8, 0x111b2600, 0x14800000)
 Metaspace       used 11942K, capacity 12278K, committed 12288K, reserved 12672K
}
Event: 2.540 GC heap before
{Heap before GC invocations=3 (full 1):
 def new generation   total 39424K, used 35072K [0x04800000, 0x072c0000, 0x0f2a0000)
  eden space 35072K, 100% used [0x04800000, 0x06a40000, 0x06a40000)
  from space 4352K,   0% used [0x06a40000, 0x06a40000, 0x06e80000)
  to   space 4352K,   0% used [0x06e80000, 0x06e80000, 0x072c0000)
 tenured generation   total 87424K, used 31817K [0x0f2a0000, 0x14800000, 0x24800000)
   the space 87424K,  36% used [0x0f2a0000, 0x111b24a8, 0x111b2600, 0x14800000)
 Metaspace       used 16045K, capacity 16416K, committed 16512K, reserved 16768K
Event: 2.550 GC heap after
Heap after GC invocations=4 (full 1):
 def new generation   total 39424K, used 4352K [0x04800000, 0x072c0000, 0x0f2a0000)
  eden space 35072K,   0% used [0x04800000, 0x04800000, 0x06a40000)
  from space 4352K, 100% used [0x06e80000, 0x072c0000, 0x072c0000)
  to   space 4352K,   0% used [0x06a40000, 0x06a40000, 0x06e80000)
 tenured generation   total 87424K, used 32421K [0x0f2a0000, 0x14800000, 0x24800000)
   the space 87424K,  37% used [0x0f2a0000, 0x11249440, 0x11249600, 0x14800000)
 Metaspace       used 16045K, capacity 16416K, committed 16512K, reserved 16768K
}
Event: 3.355 GC heap before
{Heap before GC invocations=4 (full 1):
 def new generation   total 39424K, used 39424K [0x04800000, 0x072c0000, 0x0f2a0000)
  eden space 35072K, 100% used [0x04800000, 0x06a40000, 0x06a40000)
  from space 4352K, 100% used [0x06e80000, 0x072c0000, 0x072c0000)
  to   space 4352K,   0% used [0x06a40000, 0x06a40000, 0x06e80000)
 tenured generation   total 87424K, used 32421K [0x0f2a0000, 0x14800000, 0x24800000)
   the space 87424K,  37% used [0x0f2a0000, 0x11249440, 0x11249600, 0x14800000)
 Metaspace       used 17093K, capacity 17490K, committed 17536K, reserved 17792K
Event: 3.392 GC heap after
Heap after GC invocations=5 (full 1):
 def new generation   total 39424K, used 3843K [0x04800000, 0x072c0000, 0x0f2a0000)
  eden space 35072K,   0% used [0x04800000, 0x04800000, 0x06a40000)
  from space 4352K,  88% used [0x06a40000, 0x06e00cb0, 0x06e80000)
  to   space 4352K,   0% used [0x06e80000, 0x06e80000, 0x072c0000)
 tenured generation   total 87424K, used 34431K [0x0f2a0000, 0x14800000, 0x24800000)
   the space 87424K,  39% used [0x0f2a0000, 0x1143ffa0, 0x11440000, 0x14800000)
 Metaspace       used 17093K, capacity 17490K, committed 17536K, reserved 17792K
}
Event: 4.416 GC heap before
{Heap before GC invocations=5 (full 1):
 def new generation   total 39424K, used 35794K [0x04800000, 0x072c0000, 0x0f2a0000)
  eden space 35072K,  91% used [0x04800000, 0x06733eb8, 0x06a40000)
  from space 4352K,  88% used [0x06a40000, 0x06e00cb0, 0x06e80000)
  to   space 4352K,   0% used [0x06e80000, 0x06e80000, 0x072c0000)
 tenured generation   total 87424K, used 34431K [0x0f2a0000, 0x14800000, 0x24800000)
   the space 87424K,  39% used [0x0f2a0000, 0x1143ffa0, 0x11440000, 0x14800000)
 Metaspace       used 19869K, capacity 20443K, committed 20480K, reserved 20864K
Event: 4.515 GC heap after
Heap after GC invocations=6 (full 2):
 def new generation   total 39424K, used 0K [0x04800000, 0x072c0000, 0x0f2a0000)
  eden space 35072K,   0% used [0x04800000, 0x04800000, 0x06a40000)
  from space 4352K,   0% used [0x06a40000, 0x06a40000, 0x06e80000)
  to   space 4352K,   0% used [0x06e80000, 0x06e80000, 0x072c0000)
 tenured generation   total 87424K, used 42169K [0x0f2a0000, 0x14800000, 0x24800000)
   the space 87424K,  48% used [0x0f2a0000, 0x11bce790, 0x11bce800, 0x14800000)
 Metaspace       used 19869K, capacity 20443K, committed 20480K, reserved 20864K
}

Deoptimization events (0 events):
No events

Classes redefined (0 events):
No events

Internal exceptions (10 events):
Event: 3.136 Thread 0x022c0400 Exception <a 'java/io/IOException'> (0x06471f50) thrown at [C:\workspace\8-2-build-windows-i586-cygwin\jdk8u191\11896\hotspot\src\share\vm\prims\jni.cpp, line 709]
Event: 3.136 Thread 0x022c0400 Exception <a 'java/io/IOException'> (0x06472198) thrown at [C:\workspace\8-2-build-windows-i586-cygwin\jdk8u191\11896\hotspot\src\share\vm\prims\jni.cpp, line 709]
Event: 3.137 Thread 0x022c0400 Exception <a 'sun/nio/fs/WindowsException'> (0x0647b8f0) thrown at [C:\workspace\8-2-build-windows-i586-cygwin\jdk8u191\11896\hotspot\src\share\vm\prims\jni.cpp, line 709]
Event: 3.137 Thread 0x022c0400 Exception <a 'sun/nio/fs/WindowsException'> (0x0647be58) thrown at [C:\workspace\8-2-build-windows-i586-cygwin\jdk8u191\11896\hotspot\src\share\vm\prims\jni.cpp, line 709]
Event: 3.139 Thread 0x022c0400 Exception <a 'sun/nio/fs/WindowsException'> (0x0648aa60) thrown at [C:\workspace\8-2-build-windows-i586-cygwin\jdk8u191\11896\hotspot\src\share\vm\prims\jni.cpp, line 709]
Event: 3.139 Thread 0x022c0400 Exception <a 'sun/nio/fs/WindowsException'> (0x0648afe0) thrown at [C:\workspace\8-2-build-windows-i586-cygwin\jdk8u191\11896\hotspot\src\share\vm\prims\jni.cpp, line 709]
Event: 3.141 Thread 0x022c0400 Exception <a 'sun/nio/fs/WindowsException'> (0x06496318) thrown at [C:\workspace\8-2-build-windows-i586-cygwin\jdk8u191\11896\hotspot\src\share\vm\prims\jni.cpp, line 709]
Event: 3.141 Thread 0x022c0400 Exception <a 'sun/nio/fs/WindowsException'> (0x06496858) thrown at [C:\workspace\8-2-build-windows-i586-cygwin\jdk8u191\11896\hotspot\src\share\vm\prims\jni.cpp, line 709]
Event: 3.143 Thread 0x022c0400 Exception <a 'sun/nio/fs/WindowsException'> (0x064a26c8) thrown at [C:\workspace\8-2-build-windows-i586-cygwin\jdk8u191\11896\hotspot\src\share\vm\prims\jni.cpp, line 709]
Event: 3.143 Thread 0x022c0400 Exception <a 'sun/nio/fs/WindowsException'> (0x064a2c30) thrown at [C:\workspace\8-2-build-windows-i586-cygwin\jdk8u191\11896\hotspot\src\share\vm\prims\jni.cpp, line 709]

Events (10 events):
Event: 5.991 loading class org/fife/ui/rsyntaxtextarea/Style done
Event: 5.993 loading class javax/swing/TimerQueue
Event: 5.993 loading class javax/swing/TimerQueue done
Event: 5.993 loading class java/util/concurrent/DelayQueue
Event: 5.993 loading class java/util/concurrent/DelayQueue done
Event: 5.993 loading class java/util/PriorityQueue
Event: 5.994 loading class java/util/PriorityQueue done
Event: 5.994 loading class javax/swing/TimerQueue$1
Event: 5.994 loading class javax/swing/TimerQueue$1 done
Event: 5.994 Thread 0x274c9000 Thread added: 0x274c9000


Dynamic libraries:
0x00350000 - 0x00383000 	C:\Program Files (x86)\Arduino\java\bin\javaw.exe
0x771e0000 - 0x7737c000 	C:\WINDOWS\SYSTEM32\ntdll.dll
0x766a0000 - 0x76780000 	C:\WINDOWS\System32\KERNEL32.DLL
0x737b0000 - 0x737c0000 	C:\Program Files\AVAST Software\Avast\x86\aswhook.dll
0x74bb0000 - 0x74da9000 	C:\WINDOWS\System32\KERNELBASE.dll
0x77070000 - 0x770ee000 	C:\WINDOWS\System32\ADVAPI32.dll
0x749b0000 - 0x74a70000 	C:\WINDOWS\System32\msvcrt.dll
0x74860000 - 0x748d9000 	C:\WINDOWS\System32\sechost.dll
0x76a60000 - 0x76b1f000 	C:\WINDOWS\System32\RPCRT4.dll
0x74770000 - 0x74790000 	C:\WINDOWS\System32\SspiCli.dll
0x74760000 - 0x7476a000 	C:\WINDOWS\System32\CRYPTBASE.dll
0x754a0000 - 0x75502000 	C:\WINDOWS\System32\bcryptPrimitives.dll
0x76bd0000 - 0x76d69000 	C:\WINDOWS\System32\USER32.dll
0x75680000 - 0x75697000 	C:\WINDOWS\System32\win32u.dll
0x74790000 - 0x747b3000 	C:\WINDOWS\System32\GDI32.dll
0x76d70000 - 0x76ed6000 	C:\WINDOWS\System32\gdi32full.dll
0x76b20000 - 0x76ba0000 	C:\WINDOWS\System32\msvcp_win.dll
0x756b0000 - 0x757d3000 	C:\WINDOWS\System32\ucrtbase.dll
0x74010000 - 0x7421f000 	C:\WINDOWS\WinSxS\x86_microsoft.windows.common-controls_6595b64144ccf1df_6.0.17763.107_none_4d636f5b1b9a8e74\COMCTL32.dll
0x76780000 - 0x769fe000 	C:\WINDOWS\System32\combase.dll
0x76500000 - 0x76525000 	C:\WINDOWS\System32\IMM32.DLL
0x74400000 - 0x744bf000 	C:\Program Files (x86)\Arduino\java\bin\msvcr100.dll
0x73a50000 - 0x73e23000 	C:\Program Files (x86)\Arduino\java\bin\client\jvm.dll
0x76590000 - 0x76596000 	C:\WINDOWS\System32\PSAPI.DLL
0x74750000 - 0x74758000 	C:\WINDOWS\SYSTEM32\WSOCK32.dll
0x748e0000 - 0x7493f000 	C:\WINDOWS\System32\WS2_32.dll
0x743d0000 - 0x743f4000 	C:\WINDOWS\SYSTEM32\WINMM.dll
0x746f0000 - 0x746f8000 	C:\WINDOWS\SYSTEM32\VERSION.dll
0x743a0000 - 0x743c3000 	C:\WINDOWS\SYSTEM32\WINMMBASE.dll
0x75440000 - 0x7547b000 	C:\WINDOWS\System32\cfgmgr32.dll
0x74370000 - 0x743a0000 	C:\Program Files (x86)\Arduino\java\bin\splashscreen.dll
0x74260000 - 0x742db000 	C:\WINDOWS\system32\uxtheme.dll
0x74360000 - 0x7436c000 	C:\Program Files (x86)\Arduino\java\bin\verify.dll
0x74a70000 - 0x74bad000 	C:\WINDOWS\System32\MSCTF.dll
0x747c0000 - 0x7485b000 	C:\WINDOWS\System32\OLEAUT32.dll
0x73fe0000 - 0x74002000 	C:\Program Files (x86)\Arduino\java\bin\java.dll
0x74340000 - 0x74354000 	C:\Program Files (x86)\Arduino\java\bin\zip.dll
0x759e0000 - 0x759ef000 	C:\WINDOWS\System32\kernel.appcore.dll
0x73f50000 - 0x73fd6000 	C:\WINDOWS\System32\TextInputFramework.dll
0x737e0000 - 0x73a4a000 	C:\WINDOWS\System32\CoreUIComponents.dll
0x74db0000 - 0x74e39000 	C:\WINDOWS\System32\SHCORE.dll
0x73ec0000 - 0x73f4f000 	C:\WINDOWS\System32\CoreMessaging.dll
0x74550000 - 0x74579000 	C:\WINDOWS\SYSTEM32\ntmarta.dll
0x736d0000 - 0x737ab000 	C:\WINDOWS\SYSTEM32\wintypes.dll
0x74220000 - 0x74246000 	C:\WINDOWS\system32\dwmapi.dll
0x75840000 - 0x759d9000 	C:\WINDOWS\System32\CRYPT32.dll
0x76bc0000 - 0x76bce000 	C:\WINDOWS\System32\MSASN1.dll
0x77000000 - 0x77012000 	C:\WINDOWS\System32\CRYPTSP.dll
0x75fa0000 - 0x764ed000 	C:\WINDOWS\System32\SHELL32.dll
0x74e40000 - 0x7543a000 	C:\WINDOWS\System32\windows.storage.dll
0x75480000 - 0x7549c000 	C:\WINDOWS\System32\profapi.dll
0x757e0000 - 0x75834000 	C:\WINDOWS\System32\powrprof.dll
0x74960000 - 0x749a4000 	C:\WINDOWS\System32\shlwapi.dll
0x61940000 - 0x619b3000 	C:\Program Files (x86)\Arduino\lib\listSerialsj.dll
0x759f0000 - 0x75e3b000 	C:\WINDOWS\System32\SETUPAPI.dll
0x74940000 - 0x74959000 	C:\WINDOWS\System32\bcrypt.dll
0x73ea0000 - 0x73ebd000 	C:\Program Files (x86)\Arduino\lib\jnidispatch-4.2.2-win32-x86.dll
0x75e40000 - 0x75f3b000 	C:\WINDOWS\System32\Ole32.dll
0x73e80000 - 0x73e95000 	C:\Program Files (x86)\Arduino\java\bin\net.dll
0x745a0000 - 0x745f2000 	C:\WINDOWS\system32\mswsock.dll
0x73e70000 - 0x73e7f000 	C:\Program Files (x86)\Arduino\java\bin\nio.dll
0x73580000 - 0x736c7000 	C:\Program Files (x86)\Arduino\java\bin\awt.dll
0x734e0000 - 0x7357c000 	C:\WINDOWS\SYSTEM32\apphelp.dll
0x734a0000 - 0x734d9000 	C:\Program Files (x86)\Arduino\java\bin\fontmanager.dll
0x733c0000 - 0x73499000 	C:\WINDOWS\system32\opengl32.dll
0x73380000 - 0x733bf000 	C:\WINDOWS\SYSTEM32\GLU32.dll
0x73340000 - 0x73372000 	C:\Program Files (x86)\Arduino\java\bin\t2k.dll
0x73e60000 - 0x73e6a000 	C:\Program Files (x86)\Arduino\java\bin\management.dll
0x73320000 - 0x73331000 	C:\WINDOWS\system32\napinsp.dll
0x73300000 - 0x73316000 	C:\WINDOWS\system32\pnrpnsp.dll
0x6d4a0000 - 0x6d530000 	C:\WINDOWS\SYSTEM32\DNSAPI.dll
0x756a0000 - 0x756a7000 	C:\WINDOWS\System32\NSI.dll
0x74700000 - 0x74733000 	C:\WINDOWS\SYSTEM32\IPHLPAPI.DLL
0x73e50000 - 0x73e5b000 	C:\WINDOWS\System32\winrnr.dll
0x732e0000 - 0x732f6000 	C:\WINDOWS\system32\NLAapi.dll
0x732d0000 - 0x732e0000 	C:\WINDOWS\system32\wshbth.dll
0x73270000 - 0x73291000 	C:\Program Files (x86)\Bonjour\mdnsNSP.dll
0x73210000 - 0x73261000 	C:\WINDOWS\System32\fwpuclnt.dll
0x6d460000 - 0x6d468000 	C:\Windows\System32\rasadhlp.dll
0x731f0000 - 0x73203000 	C:\WINDOWS\SYSTEM32\dhcpcsvc6.DLL
0x74580000 - 0x74594000 	C:\WINDOWS\SYSTEM32\dhcpcsvc.DLL
0x731c0000 - 0x731ef000 	C:\WINDOWS\system32\rsaenh.dll
0x74600000 - 0x74623000 	C:\WINDOWS\SYSTEM32\USERENV.dll
0x73190000 - 0x731b3000 	C:\WINDOWS\SYSTEM32\DEVOBJ.dll
0x77020000 - 0x77065000 	C:\WINDOWS\System32\WINTRUST.dll
0x73120000 - 0x73189000 	C:\Program Files (x86)\Arduino\msvcp100.dll
0x73060000 - 0x7311e000 	C:\Program Files (x86)\Arduino\msvcr100.dll
0x28720000 - 0x28752000 	C:\Program Files (x86)\Arduino\lib\AStylej.dll
0x73030000 - 0x73054000 	C:\Program Files (x86)\Arduino\java\bin\dcpr.dll
0x76f70000 - 0x76ff1000 	C:\WINDOWS\System32\clbcatq.dll
0x72eb0000 - 0x73021000 	C:\WINDOWS\SYSTEM32\WindowsCodecs.dll
0x72e60000 - 0x72ead000 	C:\WINDOWS\system32\dataexchange.dll
0x72c30000 - 0x72e59000 	C:\WINDOWS\system32\d3d11.dll
0x72ad0000 - 0x72c2f000 	C:\WINDOWS\system32\dcomp.dll
0x72a20000 - 0x72ac4000 	C:\WINDOWS\system32\dxgi.dll
0x72870000 - 0x72a13000 	C:\WINDOWS\system32\twinapi.appcore.dll
0x72850000 - 0x7286e000 	C:\WINDOWS\system32\RMCLIENT.dll

VM Arguments:
jvm_args: -Dsun.java2d.d3d=false -Djna.nosys=true -Djna.nounpack=true -Djna.boot.library.name=jnidispatch-4.2.2-win32-x86 -Djna.boot.library.path=C:\Program Files (x86)\Arduino/lib -Djssc.library.path=C:\Program Files (x86)\Arduino/lib -DAPP_DIR=C:\Program Files (x86)\Arduino -Xms128M -Xmx512M -Dfile.encoding=UTF8 -Djava.net.preferIPv4Stack=true 
java_command: processing.app.Base E:\Arudino projects\IOT Class\push_button_pull_up_res\push_button_pull_up_res.ino
java_class_path (initial): C:\Program Files (x86)\Arduino\lib\apple.jar;C:\Program Files (x86)\Arduino\lib\arduino-core.jar;C:\Program Files (x86)\Arduino\lib\batik-1.8.jar;C:\Program Files (x86)\Arduino\lib\batik-anim-1.8.jar;C:\Program Files (x86)\Arduino\lib\batik-awt-util-1.8.jar;C:\Program Files (x86)\Arduino\lib\batik-bridge-1.8.jar;C:\Program Files (x86)\Arduino\lib\batik-codec-1.8.jar;C:\Program Files (x86)\Arduino\lib\batik-css-1.8.jar;C:\Program Files (x86)\Arduino\lib\batik-dom-1.8.jar;C:\Program Files (x86)\Arduino\lib\batik-ext-1.8.jar;C:\Program Files (x86)\Arduino\lib\batik-gvt-1.8.jar;C:\Program Files (x86)\Arduino\lib\batik-parser-1.8.jar;C:\Program Files (x86)\Arduino\lib\batik-rasterizer-1.8.jar;C:\Program Files (x86)\Arduino\lib\batik-script-1.8.jar;C:\Program Files (x86)\Arduino\lib\batik-squiggle-1.8.jar;C:\Program Files (x86)\Arduino\lib\batik-svg-dom-1.8.jar;C:\Program Files (x86)\Arduino\lib\batik-svgpp-1.8.jar;C:\Program Files (x86)\Arduino\lib\batik-transcoder-1.8.jar;C:\Program Files (x86)\Arduino\lib\batik-util-1.8.jar;C:\Program Files (x86)\Arduino\lib\batik-xml-1.8.jar;C:\Program Files (x86)\Arduino\lib\bcpg-jdk15on-152.jar;C:\Program Files (x86)\Arduino\lib\bcprov-jdk15on-152.jar;C:\Program Files (x86)\Arduino\lib\commons-codec-1.7.jar;C:\Program Files (x86)\Arduino\lib\commons-compress-1.8.jar;C:\Program Files (x86)\Arduino\lib\commons-exec-1.1.jar;C:\Program Files (x86)\Arduino\lib\commons-httpclient-3.1.jar;C:\Program Files (x86)\Arduino\lib\commons-lang3-3.8.1.jar;C:\Program Files (x86)\Arduino\lib\commons-logging-1.0.4.jar;C:\Program Files (x86)\Arduino\lib\commons-net-3.3.jar;C:\Program Files (x86)\Arduino\lib\commons-io-2.6.jar;C:\Program Files (x86)\Arduino\lib\jackson-annotations-2.9.5.jar;C:\Program Files (x86)\Arduino\lib\jackson-core-2.9.5.jar;C:\Program Files (x86)\Arduino\lib\jackson-databind-2.9.5.jar;C:\Program Files (x86)\Arduino\lib\jackson-module-mrbean-2.9.5.jar;C:\Program Files (x86)\Arduino\lib\java-semver-0.8.
Launcher Type: SUN_STANDARD

Environment Variables:
PATH=C:\oraclexe\app\oracle\product\11.2.0\server\bin;C:\WINDOWS\system32;C:\WINDOWS;C:\WINDOWS\System32\Wbem;C:\WINDOWS\System32\WindowsPowerShell\v1.0\;C:\WINDOWS\System32\OpenSSH\;E:\Matlab2\bin;E:\Matlab2\runtime\win64;E:\Matlab\runtime\win64;E:\Matlab\bin;C:\Program Files\MATLAB\runtime\win64;C:\Program Files\MATLAB\bin;C:\Program Files\MATLAB\polyspace\bin;E:\Softwares\Xilinx ISE 9.2i\bin\nt;C:\Xilinx92i\bin\nt;C:\Program Files\Java\jdk-12.0.2\bin;C:\Program Files (x86)\Python37-32;C:\Program Files (x86)\Arduino\java\bin
USERNAME=Vamsi
OS=Windows_NT
PROCESSOR_IDENTIFIER=AMD64 Family 23 Model 17 Stepping 0, AuthenticAMD



---------------  S Y S T E M  ---------------

OS: Windows 10.0 , 64 bit Build 17763 (10.0.17763.1)

CPU:total 8 (initial active 8) (8 cores per cpu, 1 threads per core) family 23 model 17 stepping 0, cmov, cx8, fxsr, mmx, sse, sse2, sse3, ssse3, sse4.1, sse4.2, popcnt, avx, avx2, aes, clmul, mmxext, 3dnowpref, lzcnt, sse4a, tsc, tscinvbit, tscinv, bmi1

Memory: 4k page, physical 7919184k(1172612k free), swap 28474960k(4716k free)

vm_info: Java HotSpot(TM) Client VM (25.191-b12) for windows-x86 JRE (1.8.0_191-b12), built on Oct  6 2018 08:34:23 by "java_re" with MS VC++ 10.0 (VS2010)

time: Thu Feb 20 17:36:30 2020
elapsed time: 6 seconds (0d 0h 0m 6s)

